<?xml version="1.0" encoding="UTF-8"?>
<!-- Generated by org.testng.reporters.JUnitReportReporter -->
<testsuite hostname="adhi1234" failures="0" tests="1" name="test.Homepagetest" time="16.747" errors="0" timestamp="2023-04-17T15:32:40 IST" skipped="0">
  <testcase classname="test.Homepagetest" name="test1" time="16.747"/>
  <system-out/>
</testsuite> <!-- test.Homepagetest -->
