<?xml version="1.0" encoding="UTF-8"?>
<!-- Generated by org.testng.reporters.JUnitReportReporter -->
<testsuite hostname="adhi1234" failures="0" tests="1" name="testng.Allpgm" time="12.776" errors="0" timestamp="2023-04-02T15:55:38 IST" skipped="0">
  <testcase classname="testng.Allpgm" name="test1" time="12.776"/>
  <system-out/>
</testsuite> <!-- testng.Allpgm -->
