<?xml version="1.0" encoding="UTF-8"?>
<!-- Generated by org.testng.reporters.JUnitReportReporter -->
<testsuite hostname="adhi1234" failures="0" tests="1" name="testng.Datadriventest" time="19.848" errors="0" timestamp="2023-04-10T18:49:30 IST" skipped="0">
  <testcase classname="testng.Datadriventest" name="datadriventest" time="19.848"/>
  <system-out/>
</testsuite> <!-- testng.Datadriventest -->
